<?xml version="1.0" encoding="UTF-8"?>
<testng-results skipped="0" failed="0" ignored="0" total="9" passed="9">
  <reporter-output>
  </reporter-output>
  <suite name="Loan-1 " duration-ms="94" started-at="2020-04-01T23:16:19 IST" finished-at="2020-04-01T23:16:19 IST">
    <groups>
      <group name="reg">
        <method signature="carLoan.carloanTest3()[pri:0, instance:TestNGExamples.carLoan@cd2dae5]" name="carloanTest3" class="TestNGExamples.carLoan"/>
        <method signature="eduLoan.eduloanTest2()[pri:2, instance:TestNGExamples.eduLoan@3a883ce7]" name="eduloanTest2" class="TestNGExamples.eduLoan"/>
      </group> <!-- reg -->
      <group name="smoke">
        <method signature="carLoan.carloanTest1()[pri:1, instance:TestNGExamples.carLoan@cd2dae5]" name="carloanTest1" class="TestNGExamples.carLoan"/>
        <method signature="carLoan.carloanTest3()[pri:0, instance:TestNGExamples.carLoan@cd2dae5]" name="carloanTest3" class="TestNGExamples.carLoan"/>
        <method signature="eduLoan.eduloanTest3()[pri:3, instance:TestNGExamples.eduLoan@3a883ce7]" name="eduloanTest3" class="TestNGExamples.eduLoan"/>
        <method signature="homeLoan.homeloanTest1()[pri:1, instance:TestNGExamples.homeLoan@4973813a]" name="homeloanTest1" class="TestNGExamples.homeLoan"/>
      </group> <!-- smoke -->
    </groups>
    <test name="Test-1" duration-ms="94" started-at="2020-04-01T23:16:19 IST" finished-at="2020-04-01T23:16:19 IST">
      <class name="TestNGExamples.homeLoan">
        <test-method status="PASS" signature="beforeTest()[pri:0, instance:TestNGExamples.homeLoan@4973813a]" name="beforeTest" is-config="true" duration-ms="1" started-at="2020-04-01T23:16:19 IST" finished-at="2020-04-01T23:16:19 IST">
          <reporter-output>
          </reporter-output>
        </test-method> <!-- beforeTest -->
        <test-method status="PASS" signature="homeloanTest1()[pri:1, instance:TestNGExamples.homeLoan@4973813a]" name="homeloanTest1" duration-ms="2" started-at="2020-04-01T23:16:19 IST" finished-at="2020-04-01T23:16:19 IST">
          <reporter-output>
          </reporter-output>
        </test-method> <!-- homeloanTest1 -->
        <test-method status="PASS" signature="homeloanTest2()[pri:2, instance:TestNGExamples.homeLoan@4973813a]" name="homeloanTest2" duration-ms="1" started-at="2020-04-01T23:16:19 IST" finished-at="2020-04-01T23:16:19 IST">
          <reporter-output>
          </reporter-output>
        </test-method> <!-- homeloanTest2 -->
        <test-method status="PASS" signature="homeloanTest3()[pri:3, instance:TestNGExamples.homeLoan@4973813a]" name="homeloanTest3" duration-ms="1" started-at="2020-04-01T23:16:19 IST" finished-at="2020-04-01T23:16:19 IST">
          <reporter-output>
          </reporter-output>
        </test-method> <!-- homeloanTest3 -->
        <test-method status="PASS" signature="afterTest()[pri:0, instance:TestNGExamples.homeLoan@4973813a]" name="afterTest" is-config="true" duration-ms="0" started-at="2020-04-01T23:16:19 IST" finished-at="2020-04-01T23:16:19 IST">
          <reporter-output>
          </reporter-output>
        </test-method> <!-- afterTest -->
      </class> <!-- TestNGExamples.homeLoan -->
      <class name="TestNGExamples.carLoan">
        <test-method status="PASS" signature="beforeSuite()[pri:0, instance:TestNGExamples.carLoan@cd2dae5]" name="beforeSuite" is-config="true" duration-ms="15" started-at="2020-04-01T23:16:19 IST" finished-at="2020-04-01T23:16:19 IST">
          <reporter-output>
          </reporter-output>
        </test-method> <!-- beforeSuite -->
        <test-method status="PASS" signature="beforecarTest1()[pri:0, instance:TestNGExamples.carLoan@cd2dae5]" name="beforecarTest1" is-config="true" duration-ms="1" started-at="2020-04-01T23:16:19 IST" finished-at="2020-04-01T23:16:19 IST">
          <reporter-output>
          </reporter-output>
        </test-method> <!-- beforecarTest1 -->
        <test-method status="PASS" signature="beforeClass()[pri:0, instance:TestNGExamples.carLoan@cd2dae5]" name="beforeClass" is-config="true" duration-ms="0" started-at="2020-04-01T23:16:19 IST" finished-at="2020-04-01T23:16:19 IST">
          <reporter-output>
          </reporter-output>
        </test-method> <!-- beforeClass -->
        <test-method status="PASS" signature="beforeTest()[pri:0, instance:TestNGExamples.carLoan@cd2dae5]" name="beforeTest" is-config="true" duration-ms="1" started-at="2020-04-01T23:16:19 IST" finished-at="2020-04-01T23:16:19 IST">
          <reporter-output>
          </reporter-output>
        </test-method> <!-- beforeTest -->
        <test-method status="PASS" signature="carloanTest3()[pri:0, instance:TestNGExamples.carLoan@cd2dae5]" name="carloanTest3" duration-ms="4" started-at="2020-04-01T23:16:19 IST" finished-at="2020-04-01T23:16:19 IST">
          <reporter-output>
          </reporter-output>
        </test-method> <!-- carloanTest3 -->
        <test-method status="PASS" signature="afterTest()[pri:0, instance:TestNGExamples.carLoan@cd2dae5]" name="afterTest" is-config="true" duration-ms="1" started-at="2020-04-01T23:16:19 IST" finished-at="2020-04-01T23:16:19 IST">
          <reporter-output>
          </reporter-output>
        </test-method> <!-- afterTest -->
        <test-method status="PASS" signature="beforeTest()[pri:0, instance:TestNGExamples.carLoan@cd2dae5]" name="beforeTest" is-config="true" duration-ms="0" started-at="2020-04-01T23:16:19 IST" finished-at="2020-04-01T23:16:19 IST">
          <reporter-output>
          </reporter-output>
        </test-method> <!-- beforeTest -->
        <test-method status="PASS" signature="carloanTest1()[pri:1, instance:TestNGExamples.carLoan@cd2dae5]" name="carloanTest1" duration-ms="2" started-at="2020-04-01T23:16:19 IST" finished-at="2020-04-01T23:16:19 IST">
          <reporter-output>
          </reporter-output>
        </test-method> <!-- carloanTest1 -->
        <test-method status="PASS" signature="afterTest()[pri:0, instance:TestNGExamples.carLoan@cd2dae5]" name="afterTest" is-config="true" duration-ms="1" started-at="2020-04-01T23:16:19 IST" finished-at="2020-04-01T23:16:19 IST">
          <reporter-output>
          </reporter-output>
        </test-method> <!-- afterTest -->
        <test-method status="PASS" signature="beforeTest()[pri:0, instance:TestNGExamples.carLoan@cd2dae5]" name="beforeTest" is-config="true" duration-ms="0" started-at="2020-04-01T23:16:19 IST" finished-at="2020-04-01T23:16:19 IST">
          <reporter-output>
          </reporter-output>
        </test-method> <!-- beforeTest -->
        <test-method status="PASS" signature="carloanTest2()[pri:2, instance:TestNGExamples.carLoan@cd2dae5]" name="carloanTest2" duration-ms="2" started-at="2020-04-01T23:16:19 IST" finished-at="2020-04-01T23:16:19 IST">
          <reporter-output>
          </reporter-output>
        </test-method> <!-- carloanTest2 -->
        <test-method status="PASS" signature="afterClass()[pri:0, instance:TestNGExamples.carLoan@cd2dae5]" name="afterClass" is-config="true" duration-ms="1" started-at="2020-04-01T23:16:19 IST" finished-at="2020-04-01T23:16:19 IST">
          <reporter-output>
          </reporter-output>
        </test-method> <!-- afterClass -->
        <test-method status="PASS" signature="afterTest()[pri:0, instance:TestNGExamples.carLoan@cd2dae5]" name="afterTest" is-config="true" duration-ms="0" started-at="2020-04-01T23:16:19 IST" finished-at="2020-04-01T23:16:19 IST">
          <reporter-output>
          </reporter-output>
        </test-method> <!-- afterTest -->
        <test-method status="PASS" signature="aftercarTest1()[pri:0, instance:TestNGExamples.carLoan@cd2dae5]" name="aftercarTest1" is-config="true" duration-ms="1" started-at="2020-04-01T23:16:19 IST" finished-at="2020-04-01T23:16:19 IST">
          <reporter-output>
          </reporter-output>
        </test-method> <!-- aftercarTest1 -->
        <test-method status="PASS" signature="afterSuite()[pri:0, instance:TestNGExamples.carLoan@cd2dae5]" name="afterSuite" is-config="true" duration-ms="0" started-at="2020-04-01T23:16:19 IST" finished-at="2020-04-01T23:16:19 IST">
          <reporter-output>
          </reporter-output>
        </test-method> <!-- afterSuite -->
      </class> <!-- TestNGExamples.carLoan -->
      <class name="TestNGExamples.eduLoan">
        <test-method status="PASS" signature="beforeTest()[pri:0, instance:TestNGExamples.eduLoan@3a883ce7]" name="beforeTest" is-config="true" duration-ms="0" started-at="2020-04-01T23:16:19 IST" finished-at="2020-04-01T23:16:19 IST">
          <reporter-output>
          </reporter-output>
        </test-method> <!-- beforeTest -->
        <test-method status="PASS" signature="eduloanTest1()[pri:1, instance:TestNGExamples.eduLoan@3a883ce7]" name="eduloanTest1" duration-ms="7" started-at="2020-04-01T23:16:19 IST" finished-at="2020-04-01T23:16:19 IST">
          <reporter-output>
          </reporter-output>
        </test-method> <!-- eduloanTest1 -->
        <test-method status="PASS" signature="eduloanTest2()[pri:2, instance:TestNGExamples.eduLoan@3a883ce7]" name="eduloanTest2" duration-ms="2" started-at="2020-04-01T23:16:19 IST" finished-at="2020-04-01T23:16:19 IST">
          <reporter-output>
          </reporter-output>
        </test-method> <!-- eduloanTest2 -->
        <test-method status="PASS" signature="eduloanTest3()[pri:3, instance:TestNGExamples.eduLoan@3a883ce7]" name="eduloanTest3" duration-ms="2" started-at="2020-04-01T23:16:19 IST" finished-at="2020-04-01T23:16:19 IST">
          <reporter-output>
          </reporter-output>
        </test-method> <!-- eduloanTest3 -->
        <test-method status="PASS" signature="afterTest()[pri:0, instance:TestNGExamples.eduLoan@3a883ce7]" name="afterTest" is-config="true" duration-ms="0" started-at="2020-04-01T23:16:19 IST" finished-at="2020-04-01T23:16:19 IST">
          <reporter-output>
          </reporter-output>
        </test-method> <!-- afterTest -->
      </class> <!-- TestNGExamples.eduLoan -->
    </test> <!-- Test-1 -->
  </suite> <!-- Loan-1  -->
</testng-results>
